Using pre-set license
Built from '2020.3/release' branch; Version is '2020.3.7f1 (dd97f2c94397) revision 14522354'; Using compiler version '192528614'; Build Type 'Release'
OS: 'Windows 10 Pro; OS build 19045.3693; Version 2009; 64bit' Language: 'ko' Physical Memory: 32173 MB
BatchMode: 1, IsHumanControllingUs: 0, StartBugReporterOnCrash: 0, Is64bit: 1, IsPro: 0

 COMMAND LINE ARGUMENTS:
C:\Program Files\Unity\Hub\Editor\2020.3.7f1-x86_64\Editor\Unity.exe
-adb2
-batchMode
-noUpm
-name
AssetImportWorker0
-projectPath
C:/WorkSpace/Eonix
-logFile
Logs/AssetImportWorker0.log
-srvPort
51078
Successfully changed project path to: C:/WorkSpace/Eonix
C:/WorkSpace/Eonix
Using Asset Import Pipeline V2.
Refreshing native plugins compatible for Editor in 124.53 ms, found 0 plugins.
Preloading 0 native plugins for Editor in 0.00 ms.
Initialize engine version: 2020.3.7f1 (dd97f2c94397)
[Subsystems] Discovering subsystems at path C:/Program Files/Unity/Hub/Editor/2020.3.7f1-x86_64/Editor/Data/Resources/UnitySubsystems
[Subsystems] Discovering subsystems at path C:/WorkSpace/Eonix/Assets
GfxDevice: creating device client; threaded=0
Direct3D:
    Version:  Direct3D 11.0 [level 11.1]
    Renderer: NVIDIA GeForce RTX 2060 (ID=0x1f15)
    Vendor:   
    VRAM:     5968 MB
    Driver:   31.0.15.3598
Initialize mono
Mono path[0] = 'C:/Program Files/Unity/Hub/Editor/2020.3.7f1-x86_64/Editor/Data/Managed'
Mono path[1] = 'C:/Program Files/Unity/Hub/Editor/2020.3.7f1-x86_64/Editor/Data/MonoBleedingEdge/lib/mono/unityjit'
Mono config path = 'C:/Program Files/Unity/Hub/Editor/2020.3.7f1-x86_64/Editor/Data/MonoBleedingEdge/etc'
Using monoOptions --debugger-agent=transport=dt_socket,embedding=1,server=y,suspend=n,address=127.0.0.1:56196
Begin MonoManager ReloadAssembly
Registering precompiled unity dll's ...
Register platform support module: C:/Program Files/Unity/Hub/Editor/2020.3.7f1-x86_64/Editor/Data/PlaybackEngines/WindowsStandaloneSupport/UnityEditor.WindowsStandalone.Extensions.dll
Registered in 0.004410 seconds.
Native extension for WindowsStandalone target not found
Refreshing native plugins compatible for Editor in 161.12 ms, found 0 plugins.
Preloading 0 native plugins for Editor in 0.00 ms.
Mono: successfully reloaded assembly
- Completed reload, in  1.681 seconds
Platform modules already initialized, skipping
Registering precompiled user dll's ...
Registered in 0.014714 seconds.
Begin MonoManager ReloadAssembly
Native extension for WindowsStandalone target not found
Refreshing native plugins compatible for Editor in 157.12 ms, found 0 plugins.
Preloading 0 native plugins for Editor in 0.00 ms.
Mono: successfully reloaded assembly
- Completed reload, in  1.594 seconds
Platform modules already initialized, skipping
========================================================================
Worker process is ready to serve import requests
Launched and connected shader compiler UnityShaderCompiler.exe after 0.07 seconds
Refreshing native plugins compatible for Editor in 1.36 ms, found 0 plugins.
Preloading 0 native plugins for Editor in 0.00 ms.
Unloading 2838 Unused Serialized files (Serialized files now loaded: 0)
System memory in use before: 126.6 MB.
System memory in use after: 126.8 MB.

Unloading 26 unused Assets to reduce memory usage. Loaded Objects now: 3279.
Total: 2.442700 ms (FindLiveObjects: 0.454300 ms CreateObjectMapping: 0.165800 ms MarkObjects: 1.719900 ms  DeleteObjects: 0.100700 ms)

========================================================================
Received Import Request.
  path: Assets/Layer/B.terrainlayer
  artifactKey: Guid(db372078012c18148a553bbd78dc0722) Importer(815301076,1909f56bfc062723c751e8b465ee728b)
Start importing Assets/Layer/B.terrainlayer using Guid(db372078012c18148a553bbd78dc0722) Importer(815301076,1909f56bfc062723c751e8b465ee728b)  -> (artifact id: '6f1108a35370ffa5bc679095cec6e9f2') in 0.118126 seconds
  Import took 0.123925 seconds .

========================================================================
Received Import Request.
  Time since last request: 0.000447 seconds.
  path: Assets/Layer/S.terrainlayer
  artifactKey: Guid(e1a4df25a973fe64085414942009d6c7) Importer(815301076,1909f56bfc062723c751e8b465ee728b)
Start importing Assets/Layer/S.terrainlayer using Guid(e1a4df25a973fe64085414942009d6c7) Importer(815301076,1909f56bfc062723c751e8b465ee728b)  -> (artifact id: 'db6f4a8b5788211d908305f58fa8c79f') in 0.024116 seconds
  Import took 0.030889 seconds .

========================================================================
Received Import Request.
  Time since last request: 0.000264 seconds.
  path: Assets/Layer/W.terrainlayer
  artifactKey: Guid(bca03ffdc57c66845a1120fcfd8274de) Importer(815301076,1909f56bfc062723c751e8b465ee728b)
Start importing Assets/Layer/W.terrainlayer using Guid(bca03ffdc57c66845a1120fcfd8274de) Importer(815301076,1909f56bfc062723c751e8b465ee728b)  -> (artifact id: '8eac29751c1c10163f950836255509ed') in 0.024163 seconds
  Import took 0.029400 seconds .

========================================================================
Received Import Request.
  Time since last request: 0.000379 seconds.
  path: Assets/Layer/G.terrainlayer
  artifactKey: Guid(b832c11b5c982b648b9926a15cf90246) Importer(815301076,1909f56bfc062723c751e8b465ee728b)
Start importing Assets/Layer/G.terrainlayer using Guid(b832c11b5c982b648b9926a15cf90246) Importer(815301076,1909f56bfc062723c751e8b465ee728b)  -> (artifact id: '7c7b1c456e498e1e8cac057119a4e9d1') in 0.023621 seconds
  Import took 0.031447 seconds .

========================================================================
Received Import Request.
  Time since last request: 15.755712 seconds.
  path: Assets/Scenes/TestScene.unity
  artifactKey: Guid(3c2ab515b3820dd4ca83e0e1c95c98cf) Importer(815301076,1909f56bfc062723c751e8b465ee728b)
Start importing Assets/Scenes/TestScene.unity using Guid(3c2ab515b3820dd4ca83e0e1c95c98cf) Importer(815301076,1909f56bfc062723c751e8b465ee728b)  -> (artifact id: 'f2d605a405e27aeeb5b6e216c4d0fe38') in 0.011346 seconds
  Import took 0.016338 seconds .

========================================================================
Received Prepare
Registering precompiled user dll's ...
Registered in 0.018662 seconds.
Begin MonoManager ReloadAssembly
Native extension for WindowsStandalone target not found
Refreshing native plugins compatible for Editor in 1.45 ms, found 0 plugins.
Preloading 0 native plugins for Editor in 0.00 ms.
Mono: successfully reloaded assembly
- Completed reload, in  1.102 seconds
Platform modules already initialized, skipping
Refreshing native plugins compatible for Editor in 1.66 ms, found 0 plugins.
Preloading 0 native plugins for Editor in 0.00 ms.
Unloading 2788 Unused Serialized files (Serialized files now loaded: 0)
System memory in use before: 125.1 MB.
System memory in use after: 125.3 MB.

Unloading 17 unused Assets to reduce memory usage. Loaded Objects now: 3288.
Total: 2.767600 ms (FindLiveObjects: 0.629400 ms CreateObjectMapping: 0.198400 ms MarkObjects: 1.860200 ms  DeleteObjects: 0.077600 ms)

========================================================================
Received Prepare
Registering precompiled user dll's ...
Registered in 0.014511 seconds.
Begin MonoManager ReloadAssembly
Native extension for WindowsStandalone target not found
Refreshing native plugins compatible for Editor in 1.32 ms, found 0 plugins.
Preloading 0 native plugins for Editor in 0.00 ms.
Mono: successfully reloaded assembly
- Completed reload, in  1.266 seconds
Platform modules already initialized, skipping
Refreshing native plugins compatible for Editor in 1.42 ms, found 0 plugins.
Preloading 0 native plugins for Editor in 0.00 ms.
Unloading 2788 Unused Serialized files (Serialized files now loaded: 0)
System memory in use before: 125.2 MB.
System memory in use after: 125.3 MB.

Unloading 17 unused Assets to reduce memory usage. Loaded Objects now: 3291.
Total: 4.343200 ms (FindLiveObjects: 0.952700 ms CreateObjectMapping: 0.376900 ms MarkObjects: 2.906900 ms  DeleteObjects: 0.104000 ms)

========================================================================
Received Prepare
Registering precompiled user dll's ...
Registered in 0.011579 seconds.
Begin MonoManager ReloadAssembly
Native extension for WindowsStandalone target not found
Refreshing native plugins compatible for Editor in 1.43 ms, found 0 plugins.
Preloading 0 native plugins for Editor in 0.00 ms.
Mono: successfully reloaded assembly
- Completed reload, in  1.209 seconds
Platform modules already initialized, skipping
Refreshing native plugins compatible for Editor in 2.09 ms, found 0 plugins.
Preloading 0 native plugins for Editor in 0.00 ms.
Unloading 2788 Unused Serialized files (Serialized files now loaded: 0)
System memory in use before: 125.2 MB.
System memory in use after: 125.4 MB.

Unloading 17 unused Assets to reduce memory usage. Loaded Objects now: 3294.
Total: 2.846500 ms (FindLiveObjects: 0.545500 ms CreateObjectMapping: 0.172300 ms MarkObjects: 2.037200 ms  DeleteObjects: 0.089400 ms)

========================================================================
Received Prepare
Registering precompiled user dll's ...
Registered in 0.010535 seconds.
Begin MonoManager ReloadAssembly
Native extension for WindowsStandalone target not found
Refreshing native plugins compatible for Editor in 1.50 ms, found 0 plugins.
Preloading 0 native plugins for Editor in 0.00 ms.
Mono: successfully reloaded assembly
- Completed reload, in  1.330 seconds
Platform modules already initialized, skipping
Refreshing native plugins compatible for Editor in 1.89 ms, found 0 plugins.
Preloading 0 native plugins for Editor in 0.00 ms.
Unloading 2788 Unused Serialized files (Serialized files now loaded: 0)
System memory in use before: 125.2 MB.
System memory in use after: 125.4 MB.

Unloading 17 unused Assets to reduce memory usage. Loaded Objects now: 3297.
Total: 2.975300 ms (FindLiveObjects: 0.302300 ms CreateObjectMapping: 0.070000 ms MarkObjects: 2.501800 ms  DeleteObjects: 0.099700 ms)

========================================================================
Received Prepare
Registering precompiled user dll's ...
Registered in 0.013909 seconds.
Begin MonoManager ReloadAssembly
Native extension for WindowsStandalone target not found
Refreshing native plugins compatible for Editor in 1.55 ms, found 0 plugins.
Preloading 0 native plugins for Editor in 0.00 ms.
Mono: successfully reloaded assembly
- Completed reload, in  1.140 seconds
Platform modules already initialized, skipping
Refreshing native plugins compatible for Editor in 1.72 ms, found 0 plugins.
Preloading 0 native plugins for Editor in 0.00 ms.
Unloading 2788 Unused Serialized files (Serialized files now loaded: 0)
System memory in use before: 125.2 MB.
System memory in use after: 125.4 MB.

Unloading 17 unused Assets to reduce memory usage. Loaded Objects now: 3300.
Total: 2.695900 ms (FindLiveObjects: 0.328700 ms CreateObjectMapping: 0.104100 ms MarkObjects: 2.183500 ms  DeleteObjects: 0.078300 ms)

========================================================================
Received Prepare
Registering precompiled user dll's ...
Registered in 0.014433 seconds.
Begin MonoManager ReloadAssembly
Native extension for WindowsStandalone target not found
Refreshing native plugins compatible for Editor in 1.37 ms, found 0 plugins.
Preloading 0 native plugins for Editor in 0.00 ms.
Mono: successfully reloaded assembly
- Completed reload, in  1.204 seconds
Platform modules already initialized, skipping
Refreshing native plugins compatible for Editor in 1.48 ms, found 0 plugins.
Preloading 0 native plugins for Editor in 0.00 ms.
Unloading 2788 Unused Serialized files (Serialized files now loaded: 0)
System memory in use before: 125.2 MB.
System memory in use after: 125.4 MB.

Unloading 17 unused Assets to reduce memory usage. Loaded Objects now: 3303.
Total: 3.603800 ms (FindLiveObjects: 0.659400 ms CreateObjectMapping: 0.596200 ms MarkObjects: 2.250300 ms  DeleteObjects: 0.095400 ms)

========================================================================
Received Prepare
Registering precompiled user dll's ...
Registered in 0.010935 seconds.
Begin MonoManager ReloadAssembly
Native extension for WindowsStandalone target not found
Refreshing native plugins compatible for Editor in 1.37 ms, found 0 plugins.
Preloading 0 native plugins for Editor in 0.00 ms.
Mono: successfully reloaded assembly
- Completed reload, in  1.144 seconds
Platform modules already initialized, skipping
Refreshing native plugins compatible for Editor in 1.40 ms, found 0 plugins.
Preloading 0 native plugins for Editor in 0.00 ms.
Unloading 2788 Unused Serialized files (Serialized files now loaded: 0)
System memory in use before: 125.2 MB.
System memory in use after: 125.4 MB.

Unloading 17 unused Assets to reduce memory usage. Loaded Objects now: 3306.
Total: 2.747400 ms (FindLiveObjects: 0.489100 ms CreateObjectMapping: 0.071300 ms MarkObjects: 2.091600 ms  DeleteObjects: 0.093500 ms)

========================================================================
Received Prepare
Registering precompiled user dll's ...
Registered in 0.011796 seconds.
Begin MonoManager ReloadAssembly
Native extension for WindowsStandalone target not found
Refreshing native plugins compatible for Editor in 1.44 ms, found 0 plugins.
Preloading 0 native plugins for Editor in 0.00 ms.
Mono: successfully reloaded assembly
- Completed reload, in  1.142 seconds
Platform modules already initialized, skipping
Refreshing native plugins compatible for Editor in 1.39 ms, found 0 plugins.
Preloading 0 native plugins for Editor in 0.00 ms.
Unloading 2788 Unused Serialized files (Serialized files now loaded: 0)
System memory in use before: 125.2 MB.
System memory in use after: 125.4 MB.

Unloading 17 unused Assets to reduce memory usage. Loaded Objects now: 3309.
Total: 3.130200 ms (FindLiveObjects: 0.522000 ms CreateObjectMapping: 0.146400 ms MarkObjects: 2.360400 ms  DeleteObjects: 0.099100 ms)

========================================================================
Received Prepare
Registering precompiled user dll's ...
Registered in 0.016047 seconds.
Begin MonoManager ReloadAssembly
Native extension for WindowsStandalone target not found
Refreshing native plugins compatible for Editor in 1.70 ms, found 0 plugins.
Preloading 0 native plugins for Editor in 0.00 ms.
Mono: successfully reloaded assembly
- Completed reload, in  1.190 seconds
Platform modules already initialized, skipping
Refreshing native plugins compatible for Editor in 1.40 ms, found 0 plugins.
Preloading 0 native plugins for Editor in 0.00 ms.
Unloading 2788 Unused Serialized files (Serialized files now loaded: 0)
System memory in use before: 125.2 MB.
System memory in use after: 125.4 MB.

Unloading 17 unused Assets to reduce memory usage. Loaded Objects now: 3312.
Total: 2.375000 ms (FindLiveObjects: 0.300300 ms CreateObjectMapping: 0.096500 ms MarkObjects: 1.889800 ms  DeleteObjects: 0.086800 ms)

========================================================================
Received Prepare
Registering precompiled user dll's ...
Registered in 0.014878 seconds.
Begin MonoManager ReloadAssembly
Native extension for WindowsStandalone target not found
Refreshing native plugins compatible for Editor in 2.14 ms, found 0 plugins.
Preloading 0 native plugins for Editor in 0.00 ms.
Mono: successfully reloaded assembly
- Completed reload, in  1.069 seconds
Platform modules already initialized, skipping
Refreshing native plugins compatible for Editor in 2.12 ms, found 0 plugins.
Preloading 0 native plugins for Editor in 0.00 ms.
Unloading 2788 Unused Serialized files (Serialized files now loaded: 0)
System memory in use before: 125.3 MB.
System memory in use after: 125.5 MB.

Unloading 17 unused Assets to reduce memory usage. Loaded Objects now: 3315.
Total: 2.239600 ms (FindLiveObjects: 0.298600 ms CreateObjectMapping: 0.074600 ms MarkObjects: 1.781700 ms  DeleteObjects: 0.083400 ms)

========================================================================
Received Prepare
Registering precompiled user dll's ...
Registered in 0.011217 seconds.
Begin MonoManager ReloadAssembly
Native extension for WindowsStandalone target not found
Refreshing native plugins compatible for Editor in 1.37 ms, found 0 plugins.
Preloading 0 native plugins for Editor in 0.00 ms.
Mono: successfully reloaded assembly
- Completed reload, in  1.118 seconds
Platform modules already initialized, skipping
Refreshing native plugins compatible for Editor in 1.36 ms, found 0 plugins.
Preloading 0 native plugins for Editor in 0.00 ms.
Unloading 2788 Unused Serialized files (Serialized files now loaded: 0)
System memory in use before: 125.3 MB.
System memory in use after: 125.5 MB.

Unloading 17 unused Assets to reduce memory usage. Loaded Objects now: 3318.
Total: 2.687100 ms (FindLiveObjects: 0.305700 ms CreateObjectMapping: 0.063300 ms MarkObjects: 2.226800 ms  DeleteObjects: 0.090300 ms)

========================================================================
Received Prepare
Registering precompiled user dll's ...
Registered in 0.010983 seconds.
Begin MonoManager ReloadAssembly
Native extension for WindowsStandalone target not found
Refreshing native plugins compatible for Editor in 1.32 ms, found 0 plugins.
Preloading 0 native plugins for Editor in 0.00 ms.
Mono: successfully reloaded assembly
- Completed reload, in  1.063 seconds
Platform modules already initialized, skipping
Refreshing native plugins compatible for Editor in 1.39 ms, found 0 plugins.
Preloading 0 native plugins for Editor in 0.00 ms.
Unloading 2788 Unused Serialized files (Serialized files now loaded: 0)
System memory in use before: 125.3 MB.
System memory in use after: 125.5 MB.

Unloading 17 unused Assets to reduce memory usage. Loaded Objects now: 3321.
Total: 2.879300 ms (FindLiveObjects: 0.293000 ms CreateObjectMapping: 0.064500 ms MarkObjects: 2.434000 ms  DeleteObjects: 0.086400 ms)

========================================================================
Received Prepare
Registering precompiled user dll's ...
Registered in 0.018260 seconds.
Begin MonoManager ReloadAssembly
Native extension for WindowsStandalone target not found
Refreshing native plugins compatible for Editor in 1.34 ms, found 0 plugins.
Preloading 0 native plugins for Editor in 0.00 ms.
Mono: successfully reloaded assembly
- Completed reload, in  1.081 seconds
Platform modules already initialized, skipping
Refreshing native plugins compatible for Editor in 1.49 ms, found 0 plugins.
Preloading 0 native plugins for Editor in 0.00 ms.
Unloading 2788 Unused Serialized files (Serialized files now loaded: 0)
System memory in use before: 125.3 MB.
System memory in use after: 125.5 MB.

Unloading 17 unused Assets to reduce memory usage. Loaded Objects now: 3324.
Total: 3.380900 ms (FindLiveObjects: 0.312900 ms CreateObjectMapping: 0.083500 ms MarkObjects: 2.865200 ms  DeleteObjects: 0.117300 ms)

========================================================================
Received Prepare
Registering precompiled user dll's ...
Registered in 0.010995 seconds.
Begin MonoManager ReloadAssembly
Native extension for WindowsStandalone target not found
Refreshing native plugins compatible for Editor in 1.61 ms, found 0 plugins.
Preloading 0 native plugins for Editor in 0.00 ms.
Mono: successfully reloaded assembly
- Completed reload, in  1.217 seconds
Platform modules already initialized, skipping
Refreshing native plugins compatible for Editor in 1.47 ms, found 0 plugins.
Preloading 0 native plugins for Editor in 0.00 ms.
Unloading 2788 Unused Serialized files (Serialized files now loaded: 0)
System memory in use before: 125.3 MB.
System memory in use after: 125.5 MB.

Unloading 17 unused Assets to reduce memory usage. Loaded Objects now: 3327.
Total: 2.591600 ms (FindLiveObjects: 0.462100 ms CreateObjectMapping: 0.128300 ms MarkObjects: 1.912000 ms  DeleteObjects: 0.088000 ms)

========================================================================
Received Prepare
Registering precompiled user dll's ...
Registered in 0.011836 seconds.
Begin MonoManager ReloadAssembly
Native extension for WindowsStandalone target not found
Refreshing native plugins compatible for Editor in 1.35 ms, found 0 plugins.
Preloading 0 native plugins for Editor in 0.00 ms.
Mono: successfully reloaded assembly
- Completed reload, in  1.179 seconds
Platform modules already initialized, skipping
Refreshing native plugins compatible for Editor in 1.38 ms, found 0 plugins.
Preloading 0 native plugins for Editor in 0.00 ms.
Unloading 2788 Unused Serialized files (Serialized files now loaded: 0)
System memory in use before: 125.3 MB.
System memory in use after: 125.5 MB.

Unloading 17 unused Assets to reduce memory usage. Loaded Objects now: 3330.
Total: 3.236000 ms (FindLiveObjects: 0.542100 ms CreateObjectMapping: 0.261500 ms MarkObjects: 2.331300 ms  DeleteObjects: 0.099400 ms)

========================================================================
Received Prepare
Registering precompiled user dll's ...
Registered in 0.016959 seconds.
Begin MonoManager ReloadAssembly
Native extension for WindowsStandalone target not found
Refreshing native plugins compatible for Editor in 1.35 ms, found 0 plugins.
Preloading 0 native plugins for Editor in 0.00 ms.
Mono: successfully reloaded assembly
- Completed reload, in  1.037 seconds
Platform modules already initialized, skipping
Refreshing native plugins compatible for Editor in 1.38 ms, found 0 plugins.
Preloading 0 native plugins for Editor in 0.00 ms.
Unloading 2788 Unused Serialized files (Serialized files now loaded: 0)
System memory in use before: 125.3 MB.
System memory in use after: 125.5 MB.

Unloading 17 unused Assets to reduce memory usage. Loaded Objects now: 3333.
Total: 3.091300 ms (FindLiveObjects: 0.459600 ms CreateObjectMapping: 0.126800 ms MarkObjects: 2.413300 ms  DeleteObjects: 0.090300 ms)

========================================================================
Received Prepare
Registering precompiled user dll's ...
Registered in 0.012435 seconds.
Begin MonoManager ReloadAssembly
Native extension for WindowsStandalone target not found
Refreshing native plugins compatible for Editor in 1.62 ms, found 0 plugins.
Preloading 0 native plugins for Editor in 0.00 ms.
Mono: successfully reloaded assembly
- Completed reload, in  1.081 seconds
Platform modules already initialized, skipping
Refreshing native plugins compatible for Editor in 1.35 ms, found 0 plugins.
Preloading 0 native plugins for Editor in 0.00 ms.
Unloading 2788 Unused Serialized files (Serialized files now loaded: 0)
System memory in use before: 125.3 MB.
System memory in use after: 125.5 MB.

Unloading 17 unused Assets to reduce memory usage. Loaded Objects now: 3336.
Total: 2.484500 ms (FindLiveObjects: 0.293500 ms CreateObjectMapping: 0.084800 ms MarkObjects: 2.015100 ms  DeleteObjects: 0.089500 ms)

========================================================================
Received Prepare
Registering precompiled user dll's ...
Registered in 0.012488 seconds.
Begin MonoManager ReloadAssembly
Native extension for WindowsStandalone target not found
Refreshing native plugins compatible for Editor in 1.43 ms, found 0 plugins.
Preloading 0 native plugins for Editor in 0.00 ms.
Mono: successfully reloaded assembly
- Completed reload, in  1.249 seconds
Platform modules already initialized, skipping
Refreshing native plugins compatible for Editor in 1.49 ms, found 0 plugins.
Preloading 0 native plugins for Editor in 0.00 ms.
Unloading 2788 Unused Serialized files (Serialized files now loaded: 0)
System memory in use before: 125.3 MB.
System memory in use after: 125.5 MB.

Unloading 17 unused Assets to reduce memory usage. Loaded Objects now: 3339.
Total: 2.481800 ms (FindLiveObjects: 0.303300 ms CreateObjectMapping: 0.064600 ms MarkObjects: 2.024300 ms  DeleteObjects: 0.088000 ms)

========================================================================
Received Prepare
Registering precompiled user dll's ...
Registered in 0.011259 seconds.
Begin MonoManager ReloadAssembly
Native extension for WindowsStandalone target not found
Refreshing native plugins compatible for Editor in 1.47 ms, found 0 plugins.
Preloading 0 native plugins for Editor in 0.00 ms.
Mono: successfully reloaded assembly
- Completed reload, in  1.100 seconds
Platform modules already initialized, skipping
Refreshing native plugins compatible for Editor in 1.37 ms, found 0 plugins.
Preloading 0 native plugins for Editor in 0.00 ms.
Unloading 2788 Unused Serialized files (Serialized files now loaded: 0)
System memory in use before: 125.3 MB.
System memory in use after: 125.5 MB.

Unloading 17 unused Assets to reduce memory usage. Loaded Objects now: 3342.
Total: 2.933000 ms (FindLiveObjects: 0.294700 ms CreateObjectMapping: 0.071400 ms MarkObjects: 2.480900 ms  DeleteObjects: 0.084700 ms)

========================================================================
Received Prepare
Registering precompiled user dll's ...
Registered in 0.015704 seconds.
Begin MonoManager ReloadAssembly
Native extension for WindowsStandalone target not found
Refreshing native plugins compatible for Editor in 1.55 ms, found 0 plugins.
Preloading 0 native plugins for Editor in 0.00 ms.
Mono: successfully reloaded assembly
- Completed reload, in  1.120 seconds
Platform modules already initialized, skipping
Refreshing native plugins compatible for Editor in 1.50 ms, found 0 plugins.
Preloading 0 native plugins for Editor in 0.00 ms.
Unloading 2788 Unused Serialized files (Serialized files now loaded: 0)
System memory in use before: 125.3 MB.
System memory in use after: 125.5 MB.

Unloading 17 unused Assets to reduce memory usage. Loaded Objects now: 3345.
Total: 2.881900 ms (FindLiveObjects: 0.593900 ms CreateObjectMapping: 0.216700 ms MarkObjects: 1.972100 ms  DeleteObjects: 0.097100 ms)

========================================================================
Received Prepare
Registering precompiled user dll's ...
Registered in 0.024307 seconds.
Begin MonoManager ReloadAssembly
Native extension for WindowsStandalone target not found
Refreshing native plugins compatible for Editor in 1.46 ms, found 0 plugins.
Preloading 0 native plugins for Editor in 0.00 ms.
Mono: successfully reloaded assembly
- Completed reload, in  1.209 seconds
Platform modules already initialized, skipping
Refreshing native plugins compatible for Editor in 2.04 ms, found 0 plugins.
Preloading 0 native plugins for Editor in 0.00 ms.
Unloading 2788 Unused Serialized files (Serialized files now loaded: 0)
System memory in use before: 125.3 MB.
System memory in use after: 125.5 MB.

Unloading 17 unused Assets to reduce memory usage. Loaded Objects now: 3348.
Total: 3.417300 ms (FindLiveObjects: 1.094800 ms CreateObjectMapping: 0.168300 ms MarkObjects: 2.053600 ms  DeleteObjects: 0.096800 ms)

========================================================================
Received Prepare
Registering precompiled user dll's ...
Registered in 0.016302 seconds.
Begin MonoManager ReloadAssembly
Native extension for WindowsStandalone target not found
Refreshing native plugins compatible for Editor in 1.83 ms, found 0 plugins.
Preloading 0 native plugins for Editor in 0.00 ms.
Mono: successfully reloaded assembly
- Completed reload, in  1.330 seconds
Platform modules already initialized, skipping
Refreshing native plugins compatible for Editor in 1.37 ms, found 0 plugins.
Preloading 0 native plugins for Editor in 0.00 ms.
Unloading 2788 Unused Serialized files (Serialized files now loaded: 0)
System memory in use before: 125.3 MB.
System memory in use after: 125.5 MB.

Unloading 17 unused Assets to reduce memory usage. Loaded Objects now: 3351.
Total: 5.444300 ms (FindLiveObjects: 1.640000 ms CreateObjectMapping: 0.417300 ms MarkObjects: 3.251500 ms  DeleteObjects: 0.133200 ms)

========================================================================
Received Prepare
Registering precompiled user dll's ...
Registered in 0.013172 seconds.
Begin MonoManager ReloadAssembly
Native extension for WindowsStandalone target not found
Refreshing native plugins compatible for Editor in 1.34 ms, found 0 plugins.
Preloading 0 native plugins for Editor in 0.00 ms.
Mono: successfully reloaded assembly
- Completed reload, in  1.123 seconds
Platform modules already initialized, skipping
Refreshing native plugins compatible for Editor in 1.39 ms, found 0 plugins.
Preloading 0 native plugins for Editor in 0.00 ms.
Unloading 2788 Unused Serialized files (Serialized files now loaded: 0)
System memory in use before: 125.3 MB.
System memory in use after: 125.5 MB.

Unloading 17 unused Assets to reduce memory usage. Loaded Objects now: 3354.
Total: 3.614100 ms (FindLiveObjects: 0.354400 ms CreateObjectMapping: 0.169700 ms MarkObjects: 2.976900 ms  DeleteObjects: 0.111500 ms)

========================================================================
Received Prepare
Registering precompiled user dll's ...
Registered in 0.019183 seconds.
Begin MonoManager ReloadAssembly
Native extension for WindowsStandalone target not found
Refreshing native plugins compatible for Editor in 2.16 ms, found 0 plugins.
Preloading 0 native plugins for Editor in 0.00 ms.
Mono: successfully reloaded assembly
- Completed reload, in  1.232 seconds
Platform modules already initialized, skipping
Refreshing native plugins compatible for Editor in 1.49 ms, found 0 plugins.
Preloading 0 native plugins for Editor in 0.00 ms.
Unloading 2788 Unused Serialized files (Serialized files now loaded: 0)
System memory in use before: 125.3 MB.
System memory in use after: 125.5 MB.

Unloading 17 unused Assets to reduce memory usage. Loaded Objects now: 3357.
Total: 2.548300 ms (FindLiveObjects: 0.376200 ms CreateObjectMapping: 0.101300 ms MarkObjects: 1.982400 ms  DeleteObjects: 0.086800 ms)

========================================================================
Received Prepare
Registering precompiled user dll's ...
Registered in 0.019680 seconds.
Begin MonoManager ReloadAssembly
Native extension for WindowsStandalone target not found
Refreshing native plugins compatible for Editor in 1.35 ms, found 0 plugins.
Preloading 0 native plugins for Editor in 0.00 ms.
Mono: successfully reloaded assembly
- Completed reload, in  1.181 seconds
Platform modules already initialized, skipping
Refreshing native plugins compatible for Editor in 1.53 ms, found 0 plugins.
Preloading 0 native plugins for Editor in 0.00 ms.
Unloading 2788 Unused Serialized files (Serialized files now loaded: 0)
System memory in use before: 125.4 MB.
System memory in use after: 125.5 MB.

Unloading 17 unused Assets to reduce memory usage. Loaded Objects now: 3360.
Total: 3.361300 ms (FindLiveObjects: 0.530000 ms CreateObjectMapping: 0.210600 ms MarkObjects: 2.533900 ms  DeleteObjects: 0.085100 ms)

========================================================================
Received Prepare
Registering precompiled user dll's ...
Registered in 0.016527 seconds.
Begin MonoManager ReloadAssembly
Native extension for WindowsStandalone target not found
Refreshing native plugins compatible for Editor in 1.48 ms, found 0 plugins.
Preloading 0 native plugins for Editor in 0.00 ms.
Mono: successfully reloaded assembly
- Completed reload, in  1.205 seconds
Platform modules already initialized, skipping
Refreshing native plugins compatible for Editor in 1.37 ms, found 0 plugins.
Preloading 0 native plugins for Editor in 0.00 ms.
Unloading 2788 Unused Serialized files (Serialized files now loaded: 0)
System memory in use before: 125.4 MB.
System memory in use after: 125.6 MB.

Unloading 17 unused Assets to reduce memory usage. Loaded Objects now: 3363.
Total: 2.989600 ms (FindLiveObjects: 0.475300 ms CreateObjectMapping: 0.204100 ms MarkObjects: 2.216400 ms  DeleteObjects: 0.092100 ms)

========================================================================
Received Prepare
Registering precompiled user dll's ...
Registered in 0.012065 seconds.
Begin MonoManager ReloadAssembly
Native extension for WindowsStandalone target not found
Refreshing native plugins compatible for Editor in 1.41 ms, found 0 plugins.
Preloading 0 native plugins for Editor in 0.00 ms.
Mono: successfully reloaded assembly
- Completed reload, in  1.085 seconds
Platform modules already initialized, skipping
Refreshing native plugins compatible for Editor in 1.46 ms, found 0 plugins.
Preloading 0 native plugins for Editor in 0.00 ms.
Unloading 2788 Unused Serialized files (Serialized files now loaded: 0)
System memory in use before: 125.4 MB.
System memory in use after: 125.6 MB.

Unloading 17 unused Assets to reduce memory usage. Loaded Objects now: 3366.
Total: 2.323500 ms (FindLiveObjects: 0.291100 ms CreateObjectMapping: 0.064600 ms MarkObjects: 1.875500 ms  DeleteObjects: 0.090500 ms)

========================================================================
Received Prepare
Registering precompiled user dll's ...
Registered in 0.015605 seconds.
Begin MonoManager ReloadAssembly
Native extension for WindowsStandalone target not found
Refreshing native plugins compatible for Editor in 1.37 ms, found 0 plugins.
Preloading 0 native plugins for Editor in 0.00 ms.
Mono: successfully reloaded assembly
- Completed reload, in  1.141 seconds
Platform modules already initialized, skipping
Refreshing native plugins compatible for Editor in 1.37 ms, found 0 plugins.
Preloading 0 native plugins for Editor in 0.00 ms.
Unloading 2788 Unused Serialized files (Serialized files now loaded: 0)
System memory in use before: 125.4 MB.
System memory in use after: 125.6 MB.

Unloading 17 unused Assets to reduce memory usage. Loaded Objects now: 3369.
Total: 2.957900 ms (FindLiveObjects: 0.378200 ms CreateObjectMapping: 0.124400 ms MarkObjects: 2.365000 ms  DeleteObjects: 0.088400 ms)

========================================================================
Received Prepare
Registering precompiled user dll's ...
Registered in 0.013885 seconds.
Begin MonoManager ReloadAssembly
Native extension for WindowsStandalone target not found
Refreshing native plugins compatible for Editor in 1.84 ms, found 0 plugins.
Preloading 0 native plugins for Editor in 0.00 ms.
Mono: successfully reloaded assembly
- Completed reload, in  1.121 seconds
Platform modules already initialized, skipping
Refreshing native plugins compatible for Editor in 1.38 ms, found 0 plugins.
Preloading 0 native plugins for Editor in 0.00 ms.
Unloading 2788 Unused Serialized files (Serialized files now loaded: 0)
System memory in use before: 125.4 MB.
System memory in use after: 125.6 MB.

Unloading 17 unused Assets to reduce memory usage. Loaded Objects now: 3372.
Total: 2.285900 ms (FindLiveObjects: 0.294800 ms CreateObjectMapping: 0.081200 ms MarkObjects: 1.823600 ms  DeleteObjects: 0.085100 ms)

========================================================================
Received Prepare
Registering precompiled user dll's ...
Registered in 0.017993 seconds.
Begin MonoManager ReloadAssembly
Native extension for WindowsStandalone target not found
Refreshing native plugins compatible for Editor in 1.37 ms, found 0 plugins.
Preloading 0 native plugins for Editor in 0.00 ms.
Mono: successfully reloaded assembly
- Completed reload, in  1.323 seconds
Platform modules already initialized, skipping
Refreshing native plugins compatible for Editor in 1.37 ms, found 0 plugins.
Preloading 0 native plugins for Editor in 0.00 ms.
Unloading 2788 Unused Serialized files (Serialized files now loaded: 0)
System memory in use before: 125.4 MB.
System memory in use after: 125.6 MB.

Unloading 17 unused Assets to reduce memory usage. Loaded Objects now: 3375.
Total: 3.107100 ms (FindLiveObjects: 0.491700 ms CreateObjectMapping: 0.143900 ms MarkObjects: 2.388000 ms  DeleteObjects: 0.081600 ms)

========================================================================
Received Prepare
Registering precompiled user dll's ...
Registered in 0.016553 seconds.
Begin MonoManager ReloadAssembly
Native extension for WindowsStandalone target not found
Refreshing native plugins compatible for Editor in 1.31 ms, found 0 plugins.
Preloading 0 native plugins for Editor in 0.00 ms.
Mono: successfully reloaded assembly
- Completed reload, in  1.120 seconds
Platform modules already initialized, skipping
Refreshing native plugins compatible for Editor in 1.40 ms, found 0 plugins.
Preloading 0 native plugins for Editor in 0.00 ms.
Unloading 2788 Unused Serialized files (Serialized files now loaded: 0)
System memory in use before: 125.4 MB.
System memory in use after: 125.6 MB.

Unloading 17 unused Assets to reduce memory usage. Loaded Objects now: 3378.
Total: 3.990700 ms (FindLiveObjects: 0.782800 ms CreateObjectMapping: 0.355000 ms MarkObjects: 2.758800 ms  DeleteObjects: 0.092200 ms)

========================================================================
Received Prepare
Registering precompiled user dll's ...
Registered in 0.010553 seconds.
Begin MonoManager ReloadAssembly
Native extension for WindowsStandalone target not found
Refreshing native plugins compatible for Editor in 1.69 ms, found 0 plugins.
Preloading 0 native plugins for Editor in 0.00 ms.
Mono: successfully reloaded assembly
- Completed reload, in  1.216 seconds
Platform modules already initialized, skipping
Refreshing native plugins compatible for Editor in 1.99 ms, found 0 plugins.
Preloading 0 native plugins for Editor in 0.00 ms.
Unloading 2788 Unused Serialized files (Serialized files now loaded: 0)
System memory in use before: 125.4 MB.
System memory in use after: 125.6 MB.

Unloading 17 unused Assets to reduce memory usage. Loaded Objects now: 3381.
Total: 3.447400 ms (FindLiveObjects: 1.170800 ms CreateObjectMapping: 0.205500 ms MarkObjects: 1.977500 ms  DeleteObjects: 0.092100 ms)

========================================================================
Received Prepare
Registering precompiled user dll's ...
Registered in 0.024330 seconds.
Begin MonoManager ReloadAssembly
Native extension for WindowsStandalone target not found
Refreshing native plugins compatible for Editor in 1.94 ms, found 0 plugins.
Preloading 0 native plugins for Editor in 0.00 ms.
Mono: successfully reloaded assembly
- Completed reload, in  1.155 seconds
Platform modules already initialized, skipping
Refreshing native plugins compatible for Editor in 1.92 ms, found 0 plugins.
Preloading 0 native plugins for Editor in 0.00 ms.
Unloading 2788 Unused Serialized files (Serialized files now loaded: 0)
System memory in use before: 125.4 MB.
System memory in use after: 125.6 MB.

Unloading 17 unused Assets to reduce memory usage. Loaded Objects now: 3384.
Total: 2.260000 ms (FindLiveObjects: 0.299600 ms CreateObjectMapping: 0.063600 ms MarkObjects: 1.798900 ms  DeleteObjects: 0.096400 ms)

========================================================================
Received Prepare
Registering precompiled user dll's ...
Registered in 0.012949 seconds.
Begin MonoManager ReloadAssembly
Native extension for WindowsStandalone target not found
Refreshing native plugins compatible for Editor in 1.40 ms, found 0 plugins.
Preloading 0 native plugins for Editor in 0.00 ms.
Mono: successfully reloaded assembly
- Completed reload, in  1.310 seconds
Platform modules already initialized, skipping
Refreshing native plugins compatible for Editor in 2.61 ms, found 0 plugins.
Preloading 0 native plugins for Editor in 0.00 ms.
Unloading 2788 Unused Serialized files (Serialized files now loaded: 0)
System memory in use before: 125.4 MB.
System memory in use after: 125.6 MB.

Unloading 17 unused Assets to reduce memory usage. Loaded Objects now: 3387.
Total: 2.818000 ms (FindLiveObjects: 0.304200 ms CreateObjectMapping: 0.067400 ms MarkObjects: 2.295800 ms  DeleteObjects: 0.148400 ms)

========================================================================
Received Prepare
Registering precompiled user dll's ...
Registered in 0.012567 seconds.
Begin MonoManager ReloadAssembly
Native extension for WindowsStandalone target not found
Refreshing native plugins compatible for Editor in 1.48 ms, found 0 plugins.
Preloading 0 native plugins for Editor in 0.00 ms.
Mono: successfully reloaded assembly
- Completed reload, in  1.235 seconds
Platform modules already initialized, skipping
Refreshing native plugins compatible for Editor in 1.42 ms, found 0 plugins.
Preloading 0 native plugins for Editor in 0.00 ms.
Unloading 2788 Unused Serialized files (Serialized files now loaded: 0)
System memory in use before: 125.4 MB.
System memory in use after: 125.6 MB.

Unloading 17 unused Assets to reduce memory usage. Loaded Objects now: 3390.
Total: 2.785000 ms (FindLiveObjects: 0.545900 ms CreateObjectMapping: 0.151900 ms MarkObjects: 1.966200 ms  DeleteObjects: 0.119500 ms)

========================================================================
Received Prepare
Registering precompiled user dll's ...
Registered in 0.012309 seconds.
Begin MonoManager ReloadAssembly
Native extension for WindowsStandalone target not found
Refreshing native plugins compatible for Editor in 2.51 ms, found 0 plugins.
Preloading 0 native plugins for Editor in 0.00 ms.
Mono: successfully reloaded assembly
- Completed reload, in  1.203 seconds
Platform modules already initialized, skipping
Refreshing native plugins compatible for Editor in 1.35 ms, found 0 plugins.
Preloading 0 native plugins for Editor in 0.00 ms.
Unloading 2788 Unused Serialized files (Serialized files now loaded: 0)
System memory in use before: 125.4 MB.
System memory in use after: 125.6 MB.

Unloading 17 unused Assets to reduce memory usage. Loaded Objects now: 3393.
Total: 3.881800 ms (FindLiveObjects: 0.369300 ms CreateObjectMapping: 0.172700 ms MarkObjects: 3.234700 ms  DeleteObjects: 0.102200 ms)

========================================================================
Received Prepare
Registering precompiled user dll's ...
Registered in 0.010970 seconds.
Begin MonoManager ReloadAssembly
Native extension for WindowsStandalone target not found
Refreshing native plugins compatible for Editor in 10.42 ms, found 0 plugins.
Preloading 0 native plugins for Editor in 0.00 ms.
Mono: successfully reloaded assembly
- Completed reload, in  1.275 seconds
Platform modules already initialized, skipping
Refreshing native plugins compatible for Editor in 1.41 ms, found 0 plugins.
Preloading 0 native plugins for Editor in 0.00 ms.
Unloading 2788 Unused Serialized files (Serialized files now loaded: 0)
System memory in use before: 125.4 MB.
System memory in use after: 125.6 MB.

Unloading 17 unused Assets to reduce memory usage. Loaded Objects now: 3396.
Total: 3.302200 ms (FindLiveObjects: 0.899600 ms CreateObjectMapping: 0.278100 ms MarkObjects: 2.028100 ms  DeleteObjects: 0.093800 ms)

========================================================================
Received Prepare
Registering precompiled user dll's ...
Registered in 0.011935 seconds.
Begin MonoManager ReloadAssembly
Native extension for WindowsStandalone target not found
Refreshing native plugins compatible for Editor in 1.67 ms, found 0 plugins.
Preloading 0 native plugins for Editor in 0.00 ms.
Mono: successfully reloaded assembly
- Completed reload, in  1.253 seconds
Platform modules already initialized, skipping
Refreshing native plugins compatible for Editor in 1.74 ms, found 0 plugins.
Preloading 0 native plugins for Editor in 0.00 ms.
Unloading 2788 Unused Serialized files (Serialized files now loaded: 0)
System memory in use before: 125.4 MB.
System memory in use after: 125.6 MB.

Unloading 17 unused Assets to reduce memory usage. Loaded Objects now: 3399.
Total: 3.738100 ms (FindLiveObjects: 0.472300 ms CreateObjectMapping: 0.166300 ms MarkObjects: 2.987100 ms  DeleteObjects: 0.110900 ms)

========================================================================
Received Prepare
Registering precompiled user dll's ...
Registered in 0.015948 seconds.
Begin MonoManager ReloadAssembly
Native extension for WindowsStandalone target not found
Refreshing native plugins compatible for Editor in 1.34 ms, found 0 plugins.
Preloading 0 native plugins for Editor in 0.00 ms.
Mono: successfully reloaded assembly
- Completed reload, in  1.170 seconds
Platform modules already initialized, skipping
Refreshing native plugins compatible for Editor in 1.72 ms, found 0 plugins.
Preloading 0 native plugins for Editor in 0.00 ms.
Unloading 2788 Unused Serialized files (Serialized files now loaded: 0)
System memory in use before: 125.5 MB.
System memory in use after: 125.6 MB.

Unloading 17 unused Assets to reduce memory usage. Loaded Objects now: 3402.
Total: 2.630400 ms (FindLiveObjects: 0.457700 ms CreateObjectMapping: 0.100400 ms MarkObjects: 1.987100 ms  DeleteObjects: 0.083900 ms)

========================================================================
Received Prepare
Registering precompiled user dll's ...
Registered in 0.010484 seconds.
Begin MonoManager ReloadAssembly
Native extension for WindowsStandalone target not found
Refreshing native plugins compatible for Editor in 1.44 ms, found 0 plugins.
Preloading 0 native plugins for Editor in 0.00 ms.
Mono: successfully reloaded assembly
- Completed reload, in  1.177 seconds
Platform modules already initialized, skipping
Refreshing native plugins compatible for Editor in 1.90 ms, found 0 plugins.
Preloading 0 native plugins for Editor in 0.00 ms.
Unloading 2788 Unused Serialized files (Serialized files now loaded: 0)
System memory in use before: 125.5 MB.
System memory in use after: 125.7 MB.

Unloading 17 unused Assets to reduce memory usage. Loaded Objects now: 3405.
Total: 2.998000 ms (FindLiveObjects: 0.302600 ms CreateObjectMapping: 0.065100 ms MarkObjects: 2.525300 ms  DeleteObjects: 0.103200 ms)

AssetImportWorkerClient::OnTransportError - code=2 error=End of file
