Using pre-set license
Built from '2020.3/release' branch; Version is '2020.3.7f1 (dd97f2c94397) revision 14522354'; Using compiler version '192528614'; Build Type 'Release'
OS: 'Windows 10 Pro; OS build 19043.1288; Version 2009; 64bit' Language: 'ko' Physical Memory: 32173 MB
BatchMode: 1, IsHumanControllingUs: 0, StartBugReporterOnCrash: 0, Is64bit: 1, IsPro: 0

 COMMAND LINE ARGUMENTS:
C:\Program Files\Unity\Hub\Editor\2020.3.7f1\Editor\Unity.exe
-adb2
-batchMode
-noUpm
-name
AssetImportWorker0
-projectPath
C:/Users/USER/Desktop/Eonix
-logFile
Logs/AssetImportWorker0.log
-srvPort
56375
Successfully changed project path to: C:/Users/USER/Desktop/Eonix
C:/Users/USER/Desktop/Eonix
Using Asset Import Pipeline V2.
Refreshing native plugins compatible for Editor in 116.67 ms, found 0 plugins.
Preloading 0 native plugins for Editor in 0.00 ms.
Initialize engine version: 2020.3.7f1 (dd97f2c94397)
[Subsystems] Discovering subsystems at path C:/Program Files/Unity/Hub/Editor/2020.3.7f1/Editor/Data/Resources/UnitySubsystems
[Subsystems] Discovering subsystems at path C:/Users/USER/Desktop/Eonix/Assets
GfxDevice: creating device client; threaded=0
Direct3D:
    Version:  Direct3D 11.0 [level 11.1]
    Renderer: NVIDIA GeForce RTX 2060 (ID=0x1f15)
    Vendor:   
    VRAM:     5980 MB
    Driver:   27.21.14.6589
Initialize mono
Mono path[0] = 'C:/Program Files/Unity/Hub/Editor/2020.3.7f1/Editor/Data/Managed'
Mono path[1] = 'C:/Program Files/Unity/Hub/Editor/2020.3.7f1/Editor/Data/MonoBleedingEdge/lib/mono/unityjit'
Mono config path = 'C:/Program Files/Unity/Hub/Editor/2020.3.7f1/Editor/Data/MonoBleedingEdge/etc'
Using monoOptions --debugger-agent=transport=dt_socket,embedding=1,server=y,suspend=n,address=127.0.0.1:56396
Begin MonoManager ReloadAssembly
Registering precompiled unity dll's ...
Register platform support module: C:/Program Files/Unity/Hub/Editor/2020.3.7f1/Editor/Data/PlaybackEngines/WindowsStandaloneSupport/UnityEditor.WindowsStandalone.Extensions.dll
Registered in 0.001532 seconds.
Native extension for WindowsStandalone target not found
Refreshing native plugins compatible for Editor in 122.64 ms, found 0 plugins.
Preloading 0 native plugins for Editor in 0.00 ms.
Mono: successfully reloaded assembly
- Completed reload, in  1.963 seconds
Platform modules already initialized, skipping
Registering precompiled user dll's ...
Registered in 0.004280 seconds.
Begin MonoManager ReloadAssembly
Native extension for WindowsStandalone target not found
Refreshing native plugins compatible for Editor in 132.54 ms, found 0 plugins.
Preloading 0 native plugins for Editor in 0.00 ms.
Mono: successfully reloaded assembly
- Completed reload, in  1.178 seconds
Platform modules already initialized, skipping
========================================================================
Worker process is ready to serve import requests
Launched and connected shader compiler UnityShaderCompiler.exe after 0.07 seconds
Refreshing native plugins compatible for Editor in 1.31 ms, found 0 plugins.
Preloading 0 native plugins for Editor in 0.00 ms.
Unloading 2834 Unused Serialized files (Serialized files now loaded: 0)
System memory in use before: 138.2 MB.
System memory in use after: 138.4 MB.

Unloading 22 unused Assets to reduce memory usage. Loaded Objects now: 3293.
Total: 2.786200 ms (FindLiveObjects: 0.312300 ms CreateObjectMapping: 0.115100 ms MarkObjects: 2.260000 ms  DeleteObjects: 0.097500 ms)

========================================================================
Received Import Request.
  path: Assets/Script/Actor/ActorController.cs
  artifactKey: Guid(b97fdf3d04615e045aced7d44d7fa276) Importer(815301076,1909f56bfc062723c751e8b465ee728b)
Start importing Assets/Script/Actor/ActorController.cs using Guid(b97fdf3d04615e045aced7d44d7fa276) Importer(815301076,1909f56bfc062723c751e8b465ee728b)  -> (artifact id: '4c13c9c9a129eae872b2292a8019189a') in 0.044121 seconds
  Import took 0.049571 seconds .

========================================================================
Received Prepare
Registering precompiled user dll's ...
Registered in 0.012668 seconds.
Begin MonoManager ReloadAssembly
Native extension for WindowsStandalone target not found
Refreshing native plugins compatible for Editor in 1.56 ms, found 0 plugins.
Preloading 0 native plugins for Editor in 0.00 ms.
Mono: successfully reloaded assembly
- Completed reload, in  0.949 seconds
Platform modules already initialized, skipping
Switching build target platform(5) subTarget(0) extendedPlatform(0) -> platform(13) subTarget(537395200) extendedPlatform(0)
Refreshing native plugins compatible for Editor in 1.31 ms, found 0 plugins.
Preloading 0 native plugins for Editor in 0.00 ms.
Unloading 2786 Unused Serialized files (Serialized files now loaded: 0)
System memory in use before: 133.3 MB.
System memory in use after: 133.5 MB.

Unloading 13 unused Assets to reduce memory usage. Loaded Objects now: 3296.
Total: 3.607400 ms (FindLiveObjects: 0.344900 ms CreateObjectMapping: 0.230500 ms MarkObjects: 2.994700 ms  DeleteObjects: 0.034700 ms)

AssetImportParameters requested are different than current active one (requested -> active):
  custom:graphics/normal-map-encoding: 01000000000000000000000000000000 -> 02000000000000000000000000000000
========================================================================
Received Prepare
Registering precompiled user dll's ...
Registered in 0.004409 seconds.
Begin MonoManager ReloadAssembly
Native extension for WindowsStandalone target not found
Refreshing native plugins compatible for Editor in 1.31 ms, found 0 plugins.
Preloading 0 native plugins for Editor in 0.00 ms.
Mono: successfully reloaded assembly
- Completed reload, in  0.946 seconds
Platform modules already initialized, skipping
Switching build target platform(5) subTarget(0) extendedPlatform(0) -> platform(13) subTarget(537395200) extendedPlatform(0)
Refreshing native plugins compatible for Editor in 1.60 ms, found 0 plugins.
Preloading 0 native plugins for Editor in 0.00 ms.
Unloading 2786 Unused Serialized files (Serialized files now loaded: 0)
System memory in use before: 133.3 MB.
System memory in use after: 133.6 MB.

Unloading 13 unused Assets to reduce memory usage. Loaded Objects now: 3299.
Total: 2.640700 ms (FindLiveObjects: 0.294300 ms CreateObjectMapping: 0.071800 ms MarkObjects: 2.252200 ms  DeleteObjects: 0.021200 ms)

AssetImportParameters requested are different than current active one (requested -> active):
  custom:graphics/normal-map-encoding: 01000000000000000000000000000000 -> 02000000000000000000000000000000
========================================================================
Received Prepare
Registering precompiled user dll's ...
Registered in 0.004251 seconds.
Begin MonoManager ReloadAssembly
Native extension for WindowsStandalone target not found
Refreshing native plugins compatible for Editor in 1.46 ms, found 0 plugins.
Preloading 0 native plugins for Editor in 0.00 ms.
Mono: successfully reloaded assembly
- Completed reload, in  0.919 seconds
Platform modules already initialized, skipping
Switching build target platform(5) subTarget(0) extendedPlatform(0) -> platform(13) subTarget(537395200) extendedPlatform(0)
Refreshing native plugins compatible for Editor in 1.50 ms, found 0 plugins.
Preloading 0 native plugins for Editor in 0.00 ms.
Unloading 2786 Unused Serialized files (Serialized files now loaded: 0)
System memory in use before: 133.4 MB.
System memory in use after: 133.6 MB.

Unloading 13 unused Assets to reduce memory usage. Loaded Objects now: 3302.
Total: 2.293300 ms (FindLiveObjects: 0.337900 ms CreateObjectMapping: 0.131000 ms MarkObjects: 1.804000 ms  DeleteObjects: 0.019300 ms)

AssetImportParameters requested are different than current active one (requested -> active):
  custom:graphics/normal-map-encoding: 01000000000000000000000000000000 -> 02000000000000000000000000000000
========================================================================
Received Import Request.
  Time since last request: 3642.520276 seconds.
  path: Assets/Resources/Art/Sprite/Battle
  artifactKey: Guid(30af537729c1a6b448e256f43abaead8) Importer(815301076,1909f56bfc062723c751e8b465ee728b)
Start importing Assets/Resources/Art/Sprite/Battle using Guid(30af537729c1a6b448e256f43abaead8) Importer(815301076,1909f56bfc062723c751e8b465ee728b)  -> (artifact id: 'b1fe04c7305fd259527ce556e1e5314d') in 0.010585 seconds
  Import took 0.017424 seconds .

========================================================================
Received Import Request.
  Time since last request: 1.711999 seconds.
  path: Assets/Resources/Art/Sprite/Battle/Faster.png
  artifactKey: Guid(4b3d2170e4dbd5c4c858ba7f0092919b) Importer(815301076,1909f56bfc062723c751e8b465ee728b)
Start importing Assets/Resources/Art/Sprite/Battle/Faster.png using Guid(4b3d2170e4dbd5c4c858ba7f0092919b) Importer(815301076,1909f56bfc062723c751e8b465ee728b)  -> (artifact id: 'b9458da3275b2cc3fb4cf34be442a113') in 0.072953 seconds
  Import took 0.078186 seconds .

========================================================================
Received Import Request.
  Time since last request: 3.126966 seconds.
  path: Assets/Resources/Art/Sprite/Battle/Faster.png
  artifactKey: Guid(4b3d2170e4dbd5c4c858ba7f0092919b) Importer(815301076,1909f56bfc062723c751e8b465ee728b)
Start importing Assets/Resources/Art/Sprite/Battle/Faster.png using Guid(4b3d2170e4dbd5c4c858ba7f0092919b) Importer(815301076,1909f56bfc062723c751e8b465ee728b)  -> (artifact id: 'f55969701cb9fcc6eeceb1f3fc924cdf') in 0.057899 seconds
  Import took 0.063063 seconds .

AssetImportWorkerClient::OnTransportError - code=2 error=End of file
